<?xml version="1.0" encoding="UTF-8"?>
<!-- Generated by org.testng.reporters.JUnitXMLReporter -->
<testsuite ignored="0" hostname="SanjivaniK-LPT-234" failures="0" tests="14" name="EdgeTest" time="19.44" errors="0" timestamp="2020-01-02T16:50:45 IST">
  <testcase classname="webAutomation.RegistrationTest.Register.Demo" name="@AfterMethod tearDown" time="2.031">
    <failure type="org.openqa.selenium.WebDriverException" message="java.net.ConnectException: Failed to connect to localhost/0:0:0:0:0:0:0:1:44094
Build info: version: &amp;apos;3.14.0&amp;apos;, revision: &amp;apos;aacccce0&amp;apos;, time: &amp;apos;2018-08-02T20:19:58.91Z&amp;apos;
System info: host: &amp;apos;SANJIVANIK-LPT-&amp;apos;, ip: &amp;apos;10.0.75.1&amp;apos;, os.name: &amp;apos;Windows 10&amp;apos;, os.arch: &amp;apos;amd64&amp;apos;, os.version: &amp;apos;10.0&amp;apos;, java.version: &amp;apos;12.0.2&amp;apos;
Driver info: driver.version: RemoteWebDriver">
      <![CDATA[org.openqa.selenium.WebDriverException: java.net.ConnectException: Failed to connect to localhost/0:0:0:0:0:0:0:1:44094
Build info: version: '3.14.0', revision: 'aacccce0', time: '2018-08-02T20:19:58.91Z'
System info: host: 'SANJIVANIK-LPT-', ip: '10.0.75.1', os.name: 'Windows 10', os.arch: 'amd64', os.version: '10.0', java.version: '12.0.2'
Driver info: driver.version: RemoteWebDriver
at org.openqa.selenium.remote.service.DriverCommandExecutor.execute(DriverCommandExecutor.java:92)
at org.openqa.selenium.remote.RemoteWebDriver.execute(RemoteWebDriver.java:548)
at org.openqa.selenium.remote.RemoteWebDriver.execute(RemoteWebDriver.java:605)
at org.openqa.selenium.remote.RemoteWebDriver.quit(RemoteWebDriver.java:448)
at webAutomation.RegistrationTest.Register.Demo.tearDown(Demo.java:535)
at java.base/java.util.ArrayList.forEach(ArrayList.java:1540)
at java.base/java.util.concurrent.FutureTask.run(FutureTask.java:264)
at java.base/java.util.concurrent.ThreadPoolExecutor.runWorker(ThreadPoolExecutor.java:1128)
at java.base/java.util.concurrent.ThreadPoolExecutor$Worker.run(ThreadPoolExecutor.java:628)
at java.base/java.lang.Thread.run(Thread.java:835)
Caused by: java.net.ConnectException: Failed to connect to localhost/0:0:0:0:0:0:0:1:44094
at okhttp3.internal.connection.RealConnection.connectSocket(RealConnection.java:242)
at okhttp3.internal.connection.RealConnection.connect(RealConnection.java:160)
at okhttp3.internal.connection.StreamAllocation.findConnection(StreamAllocation.java:257)
at okhttp3.internal.connection.StreamAllocation.findHealthyConnection(StreamAllocation.java:135)
at okhttp3.internal.connection.StreamAllocation.newStream(StreamAllocation.java:114)
at okhttp3.internal.connection.ConnectInterceptor.intercept(ConnectInterceptor.java:42)
at okhttp3.internal.http.RealInterceptorChain.proceed(RealInterceptorChain.java:147)
at okhttp3.internal.http.RealInterceptorChain.proceed(RealInterceptorChain.java:121)
at okhttp3.internal.cache.CacheInterceptor.intercept(CacheInterceptor.java:93)
at okhttp3.internal.http.RealInterceptorChain.proceed(RealInterceptorChain.java:147)
at okhttp3.internal.http.RealInterceptorChain.proceed(RealInterceptorChain.java:121)
at okhttp3.internal.http.BridgeInterceptor.intercept(BridgeInterceptor.java:93)
at okhttp3.internal.http.RealInterceptorChain.proceed(RealInterceptorChain.java:147)
at okhttp3.internal.http.RetryAndFollowUpInterceptor.intercept(RetryAndFollowUpInterceptor.java:126)
at okhttp3.internal.http.RealInterceptorChain.proceed(RealInterceptorChain.java:147)
at okhttp3.internal.http.RealInterceptorChain.proceed(RealInterceptorChain.java:121)
at okhttp3.RealCall.getResponseWithInterceptorChain(RealCall.java:200)
at okhttp3.RealCall.execute(RealCall.java:77)
at org.openqa.selenium.remote.internal.OkHttpClient.execute(OkHttpClient.java:105)
at org.openqa.selenium.remote.HttpCommandExecutor.execute(HttpCommandExecutor.java:155)
at org.openqa.selenium.remote.service.DriverCommandExecutor.execute(DriverCommandExecutor.java:83)
... 32 more
Caused by: java.net.ConnectException: Connection refused: connect
at java.base/java.net.PlainSocketImpl.waitForConnect(Native Method)
at java.base/java.net.PlainSocketImpl.socketConnect(PlainSocketImpl.java:107)
at java.base/java.net.AbstractPlainSocketImpl.doConnect(AbstractPlainSocketImpl.java:399)
at java.base/java.net.AbstractPlainSocketImpl.connectToAddress(AbstractPlainSocketImpl.java:242)
at java.base/java.net.AbstractPlainSocketImpl.connect(AbstractPlainSocketImpl.java:224)
at java.base/java.net.SocksSocketImpl.connect(SocksSocketImpl.java:403)
at java.base/java.net.Socket.connect(Socket.java:591)
at okhttp3.internal.platform.Platform.connectSocket(Platform.java:129)
at okhttp3.internal.connection.RealConnection.connectSocket(RealConnection.java:240)
... 52 more
... Removed 23 stack frames]]>
    </failure>
  </testcase> <!-- @AfterMethod tearDown -->
  <testcase classname="webAutomation.RegistrationTest.Register.Demo" name="@BeforeMethod openBrowser" time="-1.577964045031E9">
    <skipped/>
  </testcase> <!-- @BeforeMethod openBrowser -->
  <testcase classname="webAutomation.RegistrationTest.Register.Demo" name="@BeforeMethod openBrowser" time="-1.577964045034E9">
    <skipped/>
  </testcase> <!-- @BeforeMethod openBrowser -->
  <testcase classname="webAutomation.RegistrationTest.Register.Demo" name="@BeforeMethod openBrowser" time="-1.577964045036E9">
    <skipped/>
  </testcase> <!-- @BeforeMethod openBrowser -->
  <testcase classname="webAutomation.RegistrationTest.Register.Demo" name="@BeforeMethod openBrowser" time="-1.577964045039E9">
    <skipped/>
  </testcase> <!-- @BeforeMethod openBrowser -->
  <testcase classname="webAutomation.RegistrationTest.Register.Demo" name="@BeforeMethod openBrowser" time="-1.577964045042E9">
    <skipped/>
  </testcase> <!-- @BeforeMethod openBrowser -->
  <testcase classname="webAutomation.RegistrationTest.Register.Demo" name="@BeforeMethod openBrowser" time="-1.577964045044E9">
    <skipped/>
  </testcase> <!-- @BeforeMethod openBrowser -->
  <testcase classname="webAutomation.RegistrationTest.Register.Demo" name="@BeforeMethod openBrowser" time="-1.577964045047E9">
    <skipped/>
  </testcase> <!-- @BeforeMethod openBrowser -->
  <testcase classname="webAutomation.RegistrationTest.Register.Demo" name="@BeforeMethod openBrowser" time="-1.577964045049E9">
    <skipped/>
  </testcase> <!-- @BeforeMethod openBrowser -->
  <testcase classname="webAutomation.RegistrationTest.Register.Demo" name="@BeforeMethod openBrowser" time="-1.577964045051E9">
    <skipped/>
  </testcase> <!-- @BeforeMethod openBrowser -->
  <testcase classname="webAutomation.RegistrationTest.Register.Demo" name="@BeforeMethod openBrowser" time="-1.577964045053E9">
    <skipped/>
  </testcase> <!-- @BeforeMethod openBrowser -->
  <testcase classname="webAutomation.RegistrationTest.Register.Demo" name="@BeforeMethod openBrowser" time="-1.577964045055E9">
    <skipped/>
  </testcase> <!-- @BeforeMethod openBrowser -->
  <testcase classname="webAutomation.RegistrationTest.Register.Demo" name="@BeforeMethod openBrowser" time="-1.577964045057E9">
    <skipped/>
  </testcase> <!-- @BeforeMethod openBrowser -->
  <testcase classname="webAutomation.RegistrationTest.Register.Demo" name="@BeforeMethod openBrowser" time="-1.577964045059E9">
    <skipped/>
  </testcase> <!-- @BeforeMethod openBrowser -->
  <testcase classname="webAutomation.RegistrationTest.Register.Demo" name="@BeforeMethod openBrowser" time="-1.577964045062E9">
    <skipped/>
  </testcase> <!-- @BeforeMethod openBrowser -->
  <testcase classname="webAutomation.RegistrationTest.Register.Demo" name="emptyEmailTest" time="0.0">
    <skipped/>
  </testcase> <!-- emptyEmailTest -->
  <testcase classname="webAutomation.RegistrationTest.Register.Demo" name="emptyNameTest" time="0.0">
    <skipped/>
  </testcase> <!-- emptyNameTest -->
  <testcase classname="webAutomation.RegistrationTest.Register.Demo" name="emptyPasswordTest" time="0.0">
    <skipped/>
  </testcase> <!-- emptyPasswordTest -->
  <testcase classname="webAutomation.RegistrationTest.Register.Demo" name="emptyPhoneTest" time="0.0">
    <skipped/>
  </testcase> <!-- emptyPhoneTest -->
  <testcase classname="webAutomation.RegistrationTest.Register.Demo" name="inValidPasswordTest" time="0.0">
    <skipped/>
  </testcase> <!-- inValidPasswordTest -->
  <testcase classname="webAutomation.RegistrationTest.Register.Demo" name="inValidPhoneTest" time="0.0">
    <skipped/>
  </testcase> <!-- inValidPhoneTest -->
  <testcase classname="webAutomation.RegistrationTest.Register.Demo" name="invalidEmailTest" time="0.0">
    <skipped/>
  </testcase> <!-- invalidEmailTest -->
  <testcase classname="webAutomation.RegistrationTest.Register.Demo" name="landingPageRedirectionTest" time="0.0">
    <skipped/>
  </testcase> <!-- landingPageRedirectionTest -->
  <testcase classname="webAutomation.RegistrationTest.Register.Demo" name="loginRedirectionTest" time="0.0">
    <skipped/>
  </testcase> <!-- loginRedirectionTest -->
  <testcase classname="webAutomation.RegistrationTest.Register.Demo" name="privacyPolicyRedirectionTest" time="0.0">
    <skipped/>
  </testcase> <!-- privacyPolicyRedirectionTest -->
  <testcase classname="webAutomation.RegistrationTest.Register.Demo" name="termsRedirectionTest" time="0.0">
    <skipped/>
  </testcase> <!-- termsRedirectionTest -->
  <testcase classname="webAutomation.RegistrationTest.Register.Demo" name="uncheckedTerms" time="0.0">
    <skipped/>
  </testcase> <!-- uncheckedTerms -->
  <testcase classname="webAutomation.RegistrationTest.Register.Demo" name="validRegistrationTest" time="0.0">
    <skipped/>
  </testcase> <!-- validRegistrationTest -->
  <testcase classname="webAutomation.RegistrationTest.Register.Demo" name="verifyElemntsOnPageTest" time="0.0">
    <skipped/>
  </testcase> <!-- verifyElemntsOnPageTest -->
</testsuite> <!-- EdgeTest -->
