<?xml version="1.0" encoding="UTF-8"?>
<!-- Generated by org.testng.reporters.JUnitXMLReporter -->
<testsuite ignored="0" hostname="SanjivaniK-LPT-234" failures="1" tests="31" name="FirefoxTest" time="17.993" errors="0" timestamp="2020-01-02T16:50:43 IST">
  <testcase classname="webAutomation.RegistrationTest.Register.Demo" name="emptyCompanyNameTest" time="0.0">
    <skipped/>
  </testcase> <!-- emptyCompanyNameTest -->
  <testcase classname="webAutomation.RegistrationTest.Register.Demo" name="emptyCompanyNameTest" time="0.0">
    <skipped/>
  </testcase> <!-- emptyCompanyNameTest -->
  <testcase classname="webAutomation.RegistrationTest.Register.Demo" name="emptyCompanyNameTest" time="0.422">
    <failure type="org.openqa.selenium.NoSuchSessionException" message="no such session
  (Driver info: chromedriver=2.38.552522 (437e6fbedfa8762dec75e2c5b3ddb86763dc9dcb),platform=Windows NT 10.0.17763 x86_64) (WARNING: The server did not provide any stacktrace information)
Command duration or timeout: 0 milliseconds
Build info: version: &amp;apos;3.14.0&amp;apos;, revision: &amp;apos;aacccce0&amp;apos;, time: &amp;apos;2018-08-02T20:19:58.91Z&amp;apos;
System info: host: &amp;apos;SANJIVANIK-LPT-&amp;apos;, ip: &amp;apos;10.0.75.1&amp;apos;, os.name: &amp;apos;Windows 10&amp;apos;, os.arch: &amp;apos;amd64&amp;apos;, os.version: &amp;apos;10.0&amp;apos;, java.version: &amp;apos;12.0.2&amp;apos;
Driver info: org.openqa.selenium.chrome.ChromeDriver
Capabilities {acceptInsecureCerts: false, acceptSslCerts: false, applicationCacheEnabled: false, browserConnectionEnabled: false, browserName: chrome, chrome: {chromedriverVersion: 2.38.552522 (437e6fbedfa876..., userDataDir: C:\Users\SANJIV~1\AppData\L...}, cssSelectorsEnabled: true, databaseEnabled: false, handlesAlerts: true, hasTouchScreen: false, javascriptEnabled: true, locationContextEnabled: true, mobileEmulationEnabled: false, nativeEvents: true, networkConnectionEnabled: false, pageLoadStrategy: normal, platform: XP, platformName: XP, rotatable: false, setWindowRect: true, takesHeapSnapshot: true, takesScreenshot: true, unexpectedAlertBehaviour: , unhandledPromptBehavior: , version: 79.0.3945.88, webStorageEnabled: true}
Session ID: 59cd6d3eca5a8f918e3248615dc0d6bf
*** Element info: {Using=name, value=name}">
      <![CDATA[org.openqa.selenium.NoSuchSessionException: no such session
  (Driver info: chromedriver=2.38.552522 (437e6fbedfa8762dec75e2c5b3ddb86763dc9dcb),platform=Windows NT 10.0.17763 x86_64) (WARNING: The server did not provide any stacktrace information)
Command duration or timeout: 0 milliseconds
Build info: version: '3.14.0', revision: 'aacccce0', time: '2018-08-02T20:19:58.91Z'
System info: host: 'SANJIVANIK-LPT-', ip: '10.0.75.1', os.name: 'Windows 10', os.arch: 'amd64', os.version: '10.0', java.version: '12.0.2'
Driver info: org.openqa.selenium.chrome.ChromeDriver
Capabilities {acceptInsecureCerts: false, acceptSslCerts: false, applicationCacheEnabled: false, browserConnectionEnabled: false, browserName: chrome, chrome: {chromedriverVersion: 2.38.552522 (437e6fbedfa876..., userDataDir: C:\Users\SANJIV~1\AppData\L...}, cssSelectorsEnabled: true, databaseEnabled: false, handlesAlerts: true, hasTouchScreen: false, javascriptEnabled: true, locationContextEnabled: true, mobileEmulationEnabled: false, nativeEvents: true, networkConnectionEnabled: false, pageLoadStrategy: normal, platform: XP, platformName: XP, rotatable: false, setWindowRect: true, takesHeapSnapshot: true, takesScreenshot: true, unexpectedAlertBehaviour: , unhandledPromptBehavior: , version: 79.0.3945.88, webStorageEnabled: true}
Session ID: 59cd6d3eca5a8f918e3248615dc0d6bf
*** Element info: {Using=name, value=name}
at org.openqa.selenium.remote.ErrorHandler.createThrowable(ErrorHandler.java:214)
at org.openqa.selenium.remote.ErrorHandler.throwIfResponseFailed(ErrorHandler.java:166)
at org.openqa.selenium.remote.http.JsonHttpResponseCodec.reconstructValue(JsonHttpResponseCodec.java:40)
at org.openqa.selenium.remote.http.AbstractHttpResponseCodec.decode(AbstractHttpResponseCodec.java:80)
at org.openqa.selenium.remote.http.AbstractHttpResponseCodec.decode(AbstractHttpResponseCodec.java:44)
at org.openqa.selenium.remote.HttpCommandExecutor.execute(HttpCommandExecutor.java:158)
at org.openqa.selenium.remote.service.DriverCommandExecutor.execute(DriverCommandExecutor.java:83)
at org.openqa.selenium.remote.RemoteWebDriver.execute(RemoteWebDriver.java:548)
at org.openqa.selenium.remote.RemoteWebDriver.findElement(RemoteWebDriver.java:322)
at org.openqa.selenium.remote.RemoteWebDriver.findElementByName(RemoteWebDriver.java:400)
at org.openqa.selenium.By$ByName.findElement(By.java:284)
at org.openqa.selenium.remote.RemoteWebDriver.findElement(RemoteWebDriver.java:314)
at webAutomation.RegistrationTest.Register.Demo.emptyCompanyNameTest(Demo.java:225)
at java.base/java.util.ArrayList.forEach(ArrayList.java:1540)
at java.base/java.util.concurrent.FutureTask.run(FutureTask.java:264)
at java.base/java.util.concurrent.ThreadPoolExecutor.runWorker(ThreadPoolExecutor.java:1128)
at java.base/java.util.concurrent.ThreadPoolExecutor$Worker.run(ThreadPoolExecutor.java:628)
at java.base/java.lang.Thread.run(Thread.java:835)
... Removed 23 stack frames]]>
    </failure>
  </testcase> <!-- emptyCompanyNameTest -->
  <testcase classname="webAutomation.RegistrationTest.Register.Demo" name="emptyEmailTest" time="0.0">
    <skipped/>
  </testcase> <!-- emptyEmailTest -->
  <testcase classname="webAutomation.RegistrationTest.Register.Demo" name="emptyEmailTest" time="0.0">
    <skipped/>
  </testcase> <!-- emptyEmailTest -->
  <testcase classname="webAutomation.RegistrationTest.Register.Demo" name="emptyNameTest" time="0.0">
    <skipped/>
  </testcase> <!-- emptyNameTest -->
  <testcase classname="webAutomation.RegistrationTest.Register.Demo" name="emptyNameTest" time="0.0">
    <skipped/>
  </testcase> <!-- emptyNameTest -->
  <testcase classname="webAutomation.RegistrationTest.Register.Demo" name="emptyPasswordTest" time="0.0">
    <skipped/>
  </testcase> <!-- emptyPasswordTest -->
  <testcase classname="webAutomation.RegistrationTest.Register.Demo" name="emptyPasswordTest" time="0.0">
    <skipped/>
  </testcase> <!-- emptyPasswordTest -->
  <testcase classname="webAutomation.RegistrationTest.Register.Demo" name="emptyPhoneTest" time="0.0">
    <skipped/>
  </testcase> <!-- emptyPhoneTest -->
  <testcase classname="webAutomation.RegistrationTest.Register.Demo" name="emptyPhoneTest" time="0.0">
    <skipped/>
  </testcase> <!-- emptyPhoneTest -->
  <testcase classname="webAutomation.RegistrationTest.Register.Demo" name="inValidPasswordTest" time="0.0">
    <skipped/>
  </testcase> <!-- inValidPasswordTest -->
  <testcase classname="webAutomation.RegistrationTest.Register.Demo" name="inValidPasswordTest" time="0.0">
    <skipped/>
  </testcase> <!-- inValidPasswordTest -->
  <testcase classname="webAutomation.RegistrationTest.Register.Demo" name="inValidPhoneTest" time="0.0">
    <skipped/>
  </testcase> <!-- inValidPhoneTest -->
  <testcase classname="webAutomation.RegistrationTest.Register.Demo" name="inValidPhoneTest" time="0.0">
    <skipped/>
  </testcase> <!-- inValidPhoneTest -->
  <testcase classname="webAutomation.RegistrationTest.Register.Demo" name="invalidEmailTest" time="0.0">
    <skipped/>
  </testcase> <!-- invalidEmailTest -->
  <testcase classname="webAutomation.RegistrationTest.Register.Demo" name="landingPageRedirectionTest" time="0.0">
    <skipped/>
  </testcase> <!-- landingPageRedirectionTest -->
  <testcase classname="webAutomation.RegistrationTest.Register.Demo" name="invalidEmailTest" time="0.0">
    <skipped/>
  </testcase> <!-- invalidEmailTest -->
  <testcase classname="webAutomation.RegistrationTest.Register.Demo" name="loginRedirectionTest" time="0.0">
    <skipped/>
  </testcase> <!-- loginRedirectionTest -->
  <testcase classname="webAutomation.RegistrationTest.Register.Demo" name="landingPageRedirectionTest" time="0.0">
    <skipped/>
  </testcase> <!-- landingPageRedirectionTest -->
  <testcase classname="webAutomation.RegistrationTest.Register.Demo" name="privacyPolicyRedirectionTest" time="0.0">
    <skipped/>
  </testcase> <!-- privacyPolicyRedirectionTest -->
  <testcase classname="webAutomation.RegistrationTest.Register.Demo" name="loginRedirectionTest" time="0.0">
    <skipped/>
  </testcase> <!-- loginRedirectionTest -->
  <testcase classname="webAutomation.RegistrationTest.Register.Demo" name="termsRedirectionTest" time="0.0">
    <skipped/>
  </testcase> <!-- termsRedirectionTest -->
  <testcase classname="webAutomation.RegistrationTest.Register.Demo" name="privacyPolicyRedirectionTest" time="0.0">
    <skipped/>
  </testcase> <!-- privacyPolicyRedirectionTest -->
  <testcase classname="webAutomation.RegistrationTest.Register.Demo" name="uncheckedTerms" time="0.0">
    <skipped/>
  </testcase> <!-- uncheckedTerms -->
  <testcase classname="webAutomation.RegistrationTest.Register.Demo" name="termsRedirectionTest" time="0.0">
    <skipped/>
  </testcase> <!-- termsRedirectionTest -->
  <testcase classname="webAutomation.RegistrationTest.Register.Demo" name="validRegistrationTest" time="0.0">
    <skipped/>
  </testcase> <!-- validRegistrationTest -->
  <testcase classname="webAutomation.RegistrationTest.Register.Demo" name="uncheckedTerms" time="0.0">
    <skipped/>
  </testcase> <!-- uncheckedTerms -->
  <testcase classname="webAutomation.RegistrationTest.Register.Demo" name="verifyElemntsOnPageTest" time="0.0">
    <skipped/>
  </testcase> <!-- verifyElemntsOnPageTest -->
  <testcase classname="webAutomation.RegistrationTest.Register.Demo" name="validRegistrationTest" time="0.0">
    <skipped/>
  </testcase> <!-- validRegistrationTest -->
  <testcase classname="webAutomation.RegistrationTest.Register.Demo" name="verifyElemntsOnPageTest" time="0.0">
    <skipped/>
  </testcase> <!-- verifyElemntsOnPageTest -->
</testsuite> <!-- FirefoxTest -->
