<?xml version="1.0" encoding="UTF-8"?>
<!-- Generated by org.testng.reporters.JUnitXMLReporter -->
<testsuite ignored="0" hostname="SanjivaniK-LPT-234" failures="1" tests="1" name="RegistrationWithoutCompanyName" time="16.12" errors="0" timestamp="2020-01-06T11:08:36 IST">
  <testcase classname="webAutomation.RegistrationTest.Register.Demo" name="validRegistrationTest" time="2.539">
    <failure type="java.lang.AssertionError" message="expected [Verify Your Email Address - LambdaTest] but found [Sign up for free | Cross Browser Testing Tool | LambdaTest - LambdaTest]">
      <![CDATA[java.lang.AssertionError: expected [Verify Your Email Address - LambdaTest] but found [Sign up for free | Cross Browser Testing Tool | LambdaTest - LambdaTest]
at webAutomation.RegistrationTest.Register.Demo.validRegistrationTest(Demo.java:33)
at java.base/java.util.ArrayList.forEach(ArrayList.java:1540)
... Removed 32 stack frames]]>
    </failure>
  </testcase> <!-- validRegistrationTest -->
</testsuite> <!-- RegistrationWithoutCompanyName -->
